<?xml version="1.0" encoding="UTF-8"?>
<testng-results total="1" passed="1" failed="0" skipped="0">
  <reporter-output>
  </reporter-output>
  <suite started-at="2021-12-17T09:45:46Z" name="BaseTest.BaseTest" finished-at="2021-12-17T09:45:48Z" duration-ms="1909">
    <groups>
    </groups>
    <test started-at="2021-12-17T09:45:46Z" name="Command line test" finished-at="2021-12-17T09:45:48Z" duration-ms="1909">
      <class name="BaseTest.BaseTest">
        <test-method signature="goTest()[pri:0, instance:BaseTest.BaseTest@2b5825fa]" started-at="2021-12-17T12:45:46Z" name="goTest" finished-at="2021-12-17T12:45:48Z" duration-ms="1815" status="PASS">
          <reporter-output>
          </reporter-output>
        </test-method> <!-- goTest -->
        <test-method is-config="true" signature="clearCookiesAndLocalStarage()[pri:0, instance:BaseTest.BaseTest@2b5825fa]" started-at="2021-12-17T12:45:48Z" name="clearCookiesAndLocalStarage" finished-at="2021-12-17T12:45:48Z" duration-ms="85" status="PASS">
          <reporter-output>
          </reporter-output>
        </test-method> <!-- clearCookiesAndLocalStarage -->
        <test-method is-config="true" signature="close()[pri:0, instance:BaseTest.BaseTest@2b5825fa]" started-at="2021-12-17T12:45:48Z" name="close" finished-at="2021-12-17T12:45:48Z" duration-ms="71" status="PASS">
          <reporter-output>
          </reporter-output>
        </test-method> <!-- close -->
      </class> <!-- BaseTest.BaseTest -->
    </test> <!-- Command line test -->
  </suite> <!-- BaseTest.BaseTest -->
</testng-results>
